<?xml version="1.0" encoding="UTF-8"?>
<!-- Generated by org.testng.reporters.JUnitReportReporter -->
<testsuite hostname="WINDOWS-G65925F" failures="0" tests="2" name="com.cucumber.runner.MainRunner" time="13.223" errors="0" timestamp="28 May 2021 06:17:00 GMT">
  <testcase classname="com.cucumber.runner.MainRunner" name="feature" time="7.156"/>
  <testcase classname="com.cucumber.runner.MainRunner" name="feature" time="6.067"/>
</testsuite> <!-- com.cucumber.runner.MainRunner -->
